
7-Zip [64] 9.34 alpha  Copyright (c) 1999-2014 Igor Pavlov  2014-06-22

Processing archive: D:\project\knowledge\application\target\chsi-knowledge-ear-1.0.0-SNAPSHOT\knowledge.war

Extracting  META-INF
Extracting  META-INF\MANIFEST.MF
Extracting  common
Extracting  css
Extracting  css\_notes
Extracting  error
Extracting  htgl
Extracting  htgl\knowledge
Extracting  htgl\tag
Extracting  js
Extracting  layout
Extracting  WEB-INF
Extracting  WEB-INF\classes
Extracting  WEB-INF\classes\com
Extracting  WEB-INF\classes\com\chsi
Extracting  WEB-INF\classes\com\chsi\knowledge
Extracting  WEB-INF\classes\com\chsi\knowledge\action
Extracting  WEB-INF\classes\com\chsi\knowledge\action\base
Extracting  WEB-INF\classes\com\chsi\knowledge\action\discuss
Extracting  WEB-INF\classes\com\chsi\knowledge\action\knowledge
Extracting  WEB-INF\classes\com\chsi\knowledge\action\tag
Extracting  WEB-INF\classes\com\chsi\knowledge\action\upload
Extracting  WEB-INF\classes\com\chsi\knowledge\common
Extracting  WEB-INF\classes\com\chsi\knowledge\common\web
Extracting  WEB-INF\classes\com\chsi\knowledge\common\web\filter
Extracting  WEB-INF\classes\com\chsi\knowledge\filter
Extracting  WEB-INF\classes\com\chsi\knowledge\web
Extracting  WEB-INF\classes\com\chsi\knowledge\web\util
Extracting  WEB-INF\lib
Extracting  common\pageNavigator.jsp
Extracting  css\base.css
Extracting  css\bootstrap-ie6.min.css
Extracting  css\bootstrap.min.css
Extracting  css\common.css
Extracting  css\content.css
Extracting  css\help.css
Extracting  css\ie.css
Extracting  css\imgareaselect-animated.css
Extracting  css\main.css
Extracting  css\pic_style.css
Extracting  css\webuploader.css
Extracting  css\_notes\dwsync.xml
Extracting  error\error.jsp
Extracting  htgl\knowledge\knowledge.jsp
Extracting  htgl\knowledge\knowledgeList.jsp
Extracting  htgl\tag\tagList.jsp
Extracting  index.jsp
Extracting  js\jquery-1.11.1.min.js
Extracting  js\selection.js
Extracting  layout\modal.jsp
Extracting  WEB-INF\applicationContext-knowledge.xml
Extracting  WEB-INF\applicationContext-security.xml
Extracting  WEB-INF\classes\com\chsi\knowledge\action\base\AjaxAction.class
Extracting  WEB-INF\classes\com\chsi\knowledge\action\base\BasicAction.class
Extracting  WEB-INF\classes\com\chsi\knowledge\action\discuss\DiscussAction.class
Extracting  WEB-INF\classes\com\chsi\knowledge\action\knowledge\KnowledgeAction.class
Extracting  WEB-INF\classes\com\chsi\knowledge\action\tag\TagAction.class
Extracting  WEB-INF\classes\com\chsi\knowledge\action\upload\UploadAction.class
Extracting  WEB-INF\classes\com\chsi\knowledge\common\web\filter\EncodingFilter.class
Extracting  WEB-INF\classes\com\chsi\knowledge\common\web\filter\KnowledgeCallInfoFilter.class
Extracting  WEB-INF\classes\com\chsi\knowledge\filter\LoginFilter.class
Extracting  WEB-INF\classes\com\chsi\knowledge\web\util\AjaxMessage.class
Extracting  WEB-INF\classes\com\chsi\knowledge\web\util\URLUtil.class
Extracting  WEB-INF\classes\com\chsi\knowledge\web\util\WebAppUtil.class
Extracting  WEB-INF\classes\struts-discuss.xml
Extracting  WEB-INF\classes\struts-knowledge.xml
Extracting  WEB-INF\classes\struts-tag.xml
Extracting  WEB-INF\classes\struts.xml
Extracting  WEB-INF\jboss-web.xml
ERROR: Can not delete output file: D:\jboss-4.2.2\server\knowledge\deploy\chsi-knowledge.ear\knowledge.war\WEB-INF\lib\antlr-2.7.5.jar
ERROR: Can not delete output file: D:\jboss-4.2.2\server\knowledge\deploy\chsi-knowledge.ear\knowledge.war\WEB-INF\lib\asm-3.1.jar
ERROR: Can not delete output file: D:\jboss-4.2.2\server\knowledge\deploy\chsi-knowledge.ear\knowledge.war\WEB-INF\lib\cas-client-core-3.1.3.jar
ERROR: Can not delete output file: D:\jboss-4.2.2\server\knowledge\deploy\chsi-knowledge.ear\knowledge.war\WEB-INF\lib\commons-beanutils-1.6.jar
ERROR: Can not delete output file: D:\jboss-4.2.2\server\knowledge\deploy\chsi-knowledge.ear\knowledge.war\WEB-INF\lib\commons-digester-1.7.jar
ERROR: Can not delete output file: D:\jboss-4.2.2\server\knowledge\deploy\chsi-knowledge.ear\knowledge.war\WEB-INF\lib\commons-lang3-3.1.jar
ERROR: Can not delete output file: D:\jboss-4.2.2\server\knowledge\deploy\chsi-knowledge.ear\knowledge.war\WEB-INF\lib\freemarker-2.3.19.jar
ERROR: Can not delete output file: D:\jboss-4.2.2\server\knowledge\deploy\chsi-knowledge.ear\knowledge.war\WEB-INF\lib\jstl-1.1.2.jar
ERROR: Can not delete output file: D:\jboss-4.2.2\server\knowledge\deploy\chsi-knowledge.ear\knowledge.war\WEB-INF\lib\log4j-1.2.14.jar
ERROR: Can not delete output file: D:\jboss-4.2.2\server\knowledge\deploy\chsi-knowledge.ear\knowledge.war\WEB-INF\lib\ognl-3.0.6.chsi.4.jar
ERROR: Can not delete output file: D:\jboss-4.2.2\server\knowledge\deploy\chsi-knowledge.ear\knowledge.war\WEB-INF\lib\slf4j-api-1.5.5.jar
ERROR: Can not delete output file: D:\jboss-4.2.2\server\knowledge\deploy\chsi-knowledge.ear\knowledge.war\WEB-INF\lib\slf4j-log4j12-1.5.5.jar
ERROR: Can not delete output file: D:\jboss-4.2.2\server\knowledge\deploy\chsi-knowledge.ear\knowledge.war\WEB-INF\lib\standard-1.1.2.jar
ERROR: Can not delete output file: D:\jboss-4.2.2\server\knowledge\deploy\chsi-knowledge.ear\knowledge.war\WEB-INF\lib\struts2-core-2.3.15.2.jar
ERROR: Can not delete output file: D:\jboss-4.2.2\server\knowledge\deploy\chsi-knowledge.ear\knowledge.war\WEB-INF\lib\struts2-spring-plugin-2.3.15.2.jar
ERROR: Can not delete output file: D:\jboss-4.2.2\server\knowledge\deploy\chsi-knowledge.ear\knowledge.war\WEB-INF\lib\struts2-tiles-plugin-2.3.15.2.jar
ERROR: Can not delete output file: D:\jboss-4.2.2\server\knowledge\deploy\chsi-knowledge.ear\knowledge.war\WEB-INF\lib\tiles-api-2.0.6.jar
ERROR: Can not delete output file: D:\jboss-4.2.2\server\knowledge\deploy\chsi-knowledge.ear\knowledge.war\WEB-INF\lib\tiles-core-2.0.6.jar
ERROR: Can not delete output file: D:\jboss-4.2.2\server\knowledge\deploy\chsi-knowledge.ear\knowledge.war\WEB-INF\lib\tiles-jsp-2.0.6.jar
ERROR: Can not delete output file: D:\jboss-4.2.2\server\knowledge\deploy\chsi-knowledge.ear\knowledge.war\WEB-INF\lib\xalan-2.7.0.jar
ERROR: Can not delete output file: D:\jboss-4.2.2\server\knowledge\deploy\chsi-knowledge.ear\knowledge.war\WEB-INF\lib\xwork-core-2.3.15.2.chsi.jar
Extracting  WEB-INF\tiles.xml
Extracting  WEB-INF\web.xml
Extracting  META-INF\maven
Extracting  META-INF\maven\com.chsi
Extracting  META-INF\maven\com.chsi\chsi-knowledge-war
Extracting  META-INF\maven\com.chsi\chsi-knowledge-war\pom.xml
Extracting  META-INF\maven\com.chsi\chsi-knowledge-war\pom.properties

Sub items Errors: 21

Archives with Errors: 1

Sub items Errors: 21

Kernel  Time =     0.062 =   69%
User    Time =     0.000 =    0%
Process Time =     0.062 =   69%    Virtual  Memory =      3 MB
Global  Time =     0.090 =  100%    Physical Memory =      5 MB
